[	16-09-2019 15:15:36	] [KICK ACTION] Player: D. has kicked: Gucci for: You have been kicked. Reason: Maintance en cour.
[	18-09-2019 04:12:25	] [KICK ACTION] Player: Morgan Kennedy/ Diana Bijop has kicked: James Brook for: You have been kicked. Reason: Bonjour. Merci d'avoir une conduite rp..
[	20-09-2019 23:57:24	] [KICK ACTION] Player: D. has kicked: Abdel Aridi for: You have been kicked. Reason: Nofear RP.
[	21-09-2019 17:41:52	] [KICK ACTION] Player: Mickael White has kicked: Viktor Adamovitch for: You have been kicked. Reason: Présence ig ! .
[	21-09-2019 17:42:25	] [KICK ACTION] Player: Mickael White has kicked: Kenny Lloyd for: You have been kicked. Reason: Présence IG obligatoire !.
[	21-09-2019 17:42:53	] [KICK ACTION] Player: Mickael White has kicked: diego salvatrucha for: You have been kicked. Reason: Précence IG obligatoire ! .
[	21-09-2019 17:44:23	] [KICK ACTION] Player: Mickael White has kicked: Lenny Pierce for: You have been kicked. Reason: Présence IG obligatoire ! .
[	21-09-2019 17:46:00	] [KICK ACTION] Player: Mickael White has kicked:  for: You have been kicked. Reason: Présence IG obligatoire ! .
[	21-09-2019 17:49:01	] [KICK ACTION] Player: Mickael White has kicked: diego salvatrucha for: You have been kicked. Reason: Présence IG obligatoire ! .
[	21-09-2019 20:42:44	] [KICK ACTION] Player: Mickael White has kicked: Le Zbouair en TONG for: You have been kicked. Reason: Nom et prénom Steam rp stp .
[	21-09-2019 20:47:06	] [KICK ACTION] Player: Mickael White has kicked: WarzoxTV for: You have been kicked. Reason: Nom et prénom steam rp stp ! .
[	21-09-2019 20:54:55	] [KICK ACTION] Player: Mickael White has kicked: ✪ Thyno for: You have been kicked. Reason: Nom et prenom rp steam stp .
[	22-09-2019 00:21:24	] [KICK ACTION] Player: Mickael White has kicked: Juan Pablo Sanchez for: You have been kicked. Reason: Présence IG merci de venir discord.
[	22-09-2019 00:22:01	] [KICK ACTION] Player: Mickael White has kicked: Gucci for: You have been kicked. Reason: Presence IG ! merci de venir besoin d'aide svp.
[	22-09-2019 00:23:04	] [KICK ACTION] Player: Mickael White has kicked: Isaac Makuri for: You have been kicked. Reason: Présence IG ! merci de venir besoin d'aide .
[	22-09-2019 00:25:02	] [KICK ACTION] Player: Mickael White has kicked: Mathers Marshal for: You have been kicked. Reason: Présence IG ! merci de venir salon besoin d'aide .
[	22-09-2019 00:46:36	] [KICK ACTION] Player: Morgan Kennedy/ Diana Bijop has kicked: Zak Akhi for: You have been kicked. Reason: Bonjour, merci de te rendre en besoin d'aide.
[	22-09-2019 02:14:10	] [KICK ACTION] Player: Mickael White has kicked: Kévin Cooper / Tom Cooper for: You have been kicked. Reason: Présence IG obligatoire ! .
[	22-09-2019 02:15:55	] [KICK ACTION] Player: Mickael White has kicked: Mathers Marshal for: You have been kicked. Reason: Présence IG obligatoire ! .
[	22-09-2019 02:16:19	] [KICK ACTION] Player: Mickael White has kicked: Minos for: You have been kicked. Reason: Présence IG obligatoire ! .
[	22-09-2019 02:17:47	] [KICK ACTION] Player: Mickael White has kicked: Joaquin Navaro for: You have been kicked. Reason: Présence IG obligatoire ! .
[	22-09-2019 02:19:00	] [KICK ACTION] Player: Mickael White has kicked: daryl murphy for: You have been kicked. Reason: Présence IG obligatoire ! .
[	22-09-2019 14:37:28	] [KICK ACTION] Player: Mickael White has kicked: Julio Fuentes for: You have been kicked. Reason: Présence IG obligatoire ! .
[	22-09-2019 19:38:46	] [KICK ACTION] Player: Mickael White has kicked: Amadéo "Jimé" for: You have been kicked. Reason: Présence IG obligatoire ! .
[	22-09-2019 19:40:21	] [KICK ACTION] Player: Mickael White has kicked: Brandon Jones for: You have been kicked. Reason: Présence IG obligatoire ! .
[	22-09-2019 19:41:11	] [KICK ACTION] Player: Mickael White has kicked: Claudy Focant for: You have been kicked. Reason: Présence IG obligatoire !.
[	22-09-2019 19:42:25	] [KICK ACTION] Player: Mickael White has kicked: Daniel "Corentin" Derlin for: You have been kicked. Reason: Présence IG obligatoire ! .
[	22-09-2019 21:15:58	] [KICK ACTION] Player: Mickael White has kicked: Minos for: You have been kicked. Reason: Présence IG ! Merci de venir en besoin d'aide stp .
[	22-09-2019 21:54:12	] [KICK ACTION] Player: Mickael White has kicked: Dadinho/Sedeño for: You have been kicked. Reason: Présence IG !.
[	24-09-2019 19:01:29	] [KICK ACTION] Player: Mickael White has kicked: Dadinho/Sedeño for: You have been kicked. Reason: Présence IG !.
[	24-09-2019 19:32:13	] [KICK ACTION] Player: Morgan Kennedy has kicked: Francky Merlau for: You have been kicked. Reason: Bonjour, merci d'adopter une conduite plus rp.
[	24-09-2019 19:56:26	] [KICK ACTION] Player: Morgan Kennedy has kicked: Max Carter/ Alexei Amarov for: You have been kicked. Reason: Bonjour merci d'adopter une conduite rp.
[	25-09-2019 04:04:35	] [KICK ACTION] Player: Morgan Kennedy has kicked: Andy Warner for: You have been kicked. Reason: Bonjour, merci de jouer ton pain lors de chute. .
[	25-09-2019 22:54:31	] [KICK ACTION] Player: Mickael White has kicked: MICHAEL MACCAULEY for: You have been kicked. Reason: Merci d'avoir une conduite en hélicoptère RP ! tu peux te reco bonne game.
[	25-09-2019 23:03:49	] [KICK ACTION] Player: Mickael White has kicked: Zak Akhi for: You have been kicked. Reason: Merci de venir en besoin d'aide ! .
[	26-09-2019 04:36:59	] [KICK ACTION] Player: Morgan Kennedy has kicked: Bobby Scott for: You have been kicked. Reason: Bonjour, merci de vous mettre dans présence IG.
[	26-09-2019 04:37:36	] [KICK ACTION] Player: Morgan Kennedy has kicked: Maelys Tanlys for: You have been kicked. Reason: Bonjour, merci de vous mettre en presence ig.
[	26-09-2019 04:45:03	] [KICK ACTION] Player: Morgan Kennedy has kicked: Dadinho/Sedeño for: You have been kicked. Reason: Bonjour, merci de te mettre en présence ig .
[	26-09-2019 04:50:39	] [KICK ACTION] Player: Morgan Kennedy has kicked: → Otto  ← for: You have been kicked. Reason: Bonjour, merci d'avoir un nom prenom rp correspondant à celui de discord + présence ig.
[	26-09-2019 17:19:57	] [KICK ACTION] Player: Dante Walker "Jax" has kicked: James Adams for: You have been kicked. Reason: Présence IG Discord Obligatoire Merci ! .
[	26-09-2019 17:41:41	] [KICK ACTION] Player: Dante Walker "Jax" has kicked: Fehdi.sky75 for: You have been kicked. Reason: Merci d'inscrire Nom + Prénom steam et présence IG .
[	26-09-2019 19:55:38	] [KICK ACTION] Player: Dante Walker "Jax" has kicked: Lenny Pierce for: You have been kicked. Reason: Merci d'inscrire Nom + Prénom rp steam et PRESENCE IG merci .
[	26-09-2019 20:11:41	] [KICK ACTION] Player: Dante Walker "Jax" has kicked: Lenny Pierce for: You have been kicked. Reason: Les règles s'applique  pour tout le mondes Nom + Prenom Steam merci .
[	26-09-2019 20:14:08	] [KICK ACTION] Player: Mickael White has kicked: Lenny Pierce for: You have been kicked. Reason: Merci de mettre ton nom et prénom steam ! STP .
[	26-09-2019 20:41:06	] [KICK ACTION] Player: Mickael White has kicked: Lenny Pierce for: You have been kicked. Reason: Merci de mettre un Nom et Prénom steam sinon BAN ! .
[	26-09-2019 20:49:02	] [KICK ACTION] Player: ★ 101!p0k!(4k3 ★ has kicked: ME KICK PAS STP for: You have been kicked. Reason: Bonsoir, l'accés au serveur impose un nom prénom rp sur steam... Merci de rémedier à cela. Bon jeux .
[	26-09-2019 22:20:29	] [KICK ACTION] Player: Mickael White has kicked: Claudy Focant for: You have been kicked. Reason: Merci de venir en besoin d'aide ! STP .
[	27-09-2019 01:05:09	] [KICK ACTION] Player: Mickael White has kicked: Bobby "Purple" Kush for: You have been kicked. Reason: Bonjour, il est interdit de voler des vhcl déjà custom sur la map! Tu peux te reco bon jeu .
[	27-09-2019 02:52:37	] [KICK ACTION] Player: Mickael White has kicked: Mia Fernandez for: You have been kicked. Reason: Présence IG obligatoire ! stp .
[	27-09-2019 03:28:02	] [KICK ACTION] Player: Morgan Kennedy has kicked: Aby Santini for: You have been kicked. Reason: Bonjour merci de respecter la zone safe.
[	27-09-2019 03:32:36	] [KICK ACTION] Player: Morgan Kennedy has kicked: Bobby Scott for: You have been kicked. Reason: Bonjour, merci de te mettre en presence ig.
[	27-09-2019 03:33:35	] [KICK ACTION] Player: Morgan Kennedy has kicked: Zorro Mas for: You have been kicked. Reason: Bonjour, merci de te mettre en presence ig.
[	27-09-2019 03:34:35	] [KICK ACTION] Player: Morgan Kennedy has kicked: Dylan Dick for: You have been kicked. Reason: Bonjour , merci de te mettre en presence ig.
[	27-09-2019 20:31:23	] [KICK ACTION] Player: Mickael White has kicked: El Padre for: You have been kicked. Reason: Bonjour, merci de mettre un nom et prénom steam rp ! .
[	27-09-2019 20:32:51	] [KICK ACTION] Player: Mickael White has kicked: Wallas_tv for: You have been kicked. Reason: Merci de mettre un nom et prénom steam RP! Après le changement tu peux te reconnecter. Bon jeu..
[	28-09-2019 22:46:31	] [KICK ACTION] Player: Mickael White has kicked: Dylan Dick for: You have been kicked. Reason: Merci de mettre le DLC! bon jeu .
[	29-09-2019 00:32:15	] [KICK ACTION] Player: D. has kicked: Claudy Focant for: You have been kicked. Reason: Connecté vous dans le channel besoin-d'aide avec vos amis dans le vehicle.
[	29-09-2019 00:35:49	] [KICK ACTION] Player: D. has kicked: Gray Fullbuster for: You have been kicked. Reason: Connecté vous dans le channel discord besoin-d'aide.
[	29-09-2019 00:36:22	] [KICK ACTION] Player: D. has kicked: Jonathan Bonano for: You have been kicked. Reason: Connecté vous dans le channel discord besoin-d'aide.
[	29-09-2019 19:02:12	] [KICK ACTION] Player: Dante Walker "Jax" has kicked: exec girlfriend.cfg for: You have been kicked. Reason: Merci d'inscrire Nom et Prénom Steam + Présence IG .
[	29-09-2019 20:21:32	] [KICK ACTION] Player: Dante Walker "Jax" has kicked: NaaDooR for: You have been kicked. Reason: Tu sens mauvais ! et profite pour ton nom Steam Gros Poutou ! *.
[	30-09-2019 03:50:22	] [KICK ACTION] Player: Morgan Kennedy has kicked: Shawn Davis for: You have been kicked. Reason: Bonjour, merci de te mettre en presence ig.
[	30-09-2019 03:50:59	] [KICK ACTION] Player: Morgan Kennedy has kicked: Dadinho/Sedeño for: You have been kicked. Reason: Bonjour , merci de te mettre en présence ig.
[	30-09-2019 03:51:33	] [KICK ACTION] Player: Morgan Kennedy has kicked:  for: You have been kicked. Reason: Bonjour, presence ig stp.
[	30-09-2019 17:24:33	] [KICK ACTION] Player: Morgan Kennedy has kicked: Marcel Boucabelle for: You have been kicked. Reason: Bonjour, merci de te mettre en presence ig.
[	01-10-2019 04:13:40	] [KICK ACTION] Player: Morgan Kennedy has kicked: Lazar Popov for: You have been kicked. Reason: Bonjour 4 heure du matin - illégal interdit!.
[	01-10-2019 04:14:22	] [KICK ACTION] Player: Morgan Kennedy has kicked: James Brook for: You have been kicked. Reason: Bonjour. 4 heure du matin + free kill.
[	01-10-2019 16:16:47	] [KICK ACTION] Player: Lucie Wilson has kicked: Mia Hopkins for: You have been kicked. Reason: Présence IG obligatoire, merci !.
[	01-10-2019 17:23:17	] [KICK ACTION] Player: D. has kicked: Léo "Léo" Schwanz for: You have been kicked. Reason: Tappe des lapin sans reason.
[	01-10-2019 17:35:11	] [KICK ACTION] Player: Morgan Kennedy has kicked: Léo "Léo" Schwanz for: You have been kicked. Reason: Bonjour merci de respecter la zone safe!.
[	01-10-2019 17:39:17	] [KICK ACTION] Player: Morgan Kennedy has kicked: Ange Scoter/ Yéléna Popov for: You have been kicked. Reason: Bonjour, merci de te mettre en presence ig.
[	01-10-2019 17:39:49	] [KICK ACTION] Player: Morgan Kennedy has kicked: David Gondzals for: You have been kicked. Reason: Bonjour merci de te mettre en presence ig.
[	01-10-2019 20:15:36	] [KICK ACTION] Player: iProMx has kicked: Nefertiti (Kalika.L) for: You have been kicked. Reason: reco.
[	01-10-2019 20:33:34	] [KICK ACTION] Player: iProMx has kicked: Pablito Gusman for: You have been kicked. Reason: reco .
[	02-10-2019 13:33:07	] [KICK ACTION] Player: Navex has kicked: José wanted for: You have been kicked. Reason: reco toi pour prendre ton skin désolé xD.
[	02-10-2019 13:33:29	] [KICK ACTION] Player: Navex has kicked: Simon Baker for: You have been kicked. Reason: reco toi pour prendre ton skin désolé ^^.
[	08-10-2019 13:49:37	] [KICK ACTION] Player: Navex has kicked: Aby Santini for: You have been kicked. Reason: dsl reco toi merci bb .
[	10-10-2019 18:46:49	] [KICK ACTION] Player: Navex has kicked: Jaden Roberson for: You have been kicked. Reason: Ban 1 semaine..
[	10-10-2019 19:50:33	] [KICK ACTION] Player: Navex has kicked: Steve McKoy for: You have been kicked. Reason: présence in game obligatoire.
[	10-10-2019 20:16:52	] [KICK ACTION] Player: Navex has kicked: Jamie Stanley for: You have been kicked. Reason: Présence in game obligatoire.
[	10-10-2019 20:17:35	] [KICK ACTION] Player: Navex has kicked: Stephen Speirs for: You have been kicked. Reason: présence in game obligatoire.
[	14-10-2019 18:15:54	] [KICK ACTION] Player: Riley Borton has kicked: Gustavo Jiménez for: You have been kicked. Reason: bug.
[	16-10-2019 17:15:11	] [KICK ACTION] Player: ABDOUL has kicked: Abou Bakr for: You have been kicked. Reason: power gaming.
[	18-10-2019 14:31:30	] [KICK ACTION] Player: Riley Borton has kicked: Kevin Lafrite for: You have been kicked. Reason: Présence IG obligatoire.
[	18-10-2019 14:34:01	] [KICK ACTION] Player: Riley Borton has kicked: Jordan Wagner for: You have been kicked. Reason: Présence IG obligatoire ! .
[	18-10-2019 14:41:56	] [KICK ACTION] Player: Riley Borton has kicked: Claus Darwyn for: You have been kicked. Reason: Présence IG obligatoire !.
[	18-10-2019 14:42:15	] [KICK ACTION] Player: Riley Borton has kicked: Juanito Da Firenze for: You have been kicked. Reason: Présence IG olbigatoire ! .
[	18-10-2019 15:36:53	] [KICK ACTION] Player: Riley Borton has kicked: NA'VI s1mpull for: You have been kicked. Reason: Nom prénom RP steam.
[	19-10-2019 10:21:56	] [KICK ACTION] Player: Riley Borton has kicked: Simon Baker for: You have been kicked. Reason: Présence IG obligatoire ! .
[	19-10-2019 12:39:13	] [KICK ACTION] Player: Tom Kan/ Albert Pilou has kicked: Weep Santacruz for: You have been kicked. Reason: présence ig.
[	19-10-2019 13:04:53	] [KICK ACTION] Player: Riley Borton has kicked: Pablo Calsalvez for: You have been kicked. Reason: Présence IG obligatoire !!.
[	19-10-2019 17:06:09	] [KICK ACTION] Player: Riley Borton has kicked: Kepa Juaqua for: You have been kicked. Reason: Présance IG obligatoire ! .
[	19-10-2019 19:24:21	] [KICK ACTION] Player: Riley Borton has kicked: Kevin Paquerai for: You have been kicked. Reason: Présence IG obligatoire ! .
[	20-10-2019 16:29:32	] [KICK ACTION] Player: D. has kicked: Yëgor Yankovick/ Joe Mc-Finscher for: You have been kicked. Reason: Serveur indisponible.
[	20-10-2019 16:29:49	] [KICK ACTION] Player: D. has kicked: Adonis Bonaly for: You have been kicked. Reason: Serveur indisponible.
[	20-10-2019 18:19:08	] [KICK ACTION] Player: Tom Kan/ Albert Pilou has kicked: Le Seigneur Mamadou for: You have been kicked. Reason: Change ton pseudo steam pour mettre ton pseudo rp stp.
[	20-10-2019 18:20:28	] [KICK ACTION] Player: Tom Kan/ Albert Pilou has kicked: Jason WoodWORK for: You have been kicked. Reason: met le meme pseudo steam que sur discord stp.
[	20-10-2019 18:21:43	] [KICK ACTION] Player: Tom Kan/ Albert Pilou has kicked: Kepa Juaqua for: You have been kicked. Reason: evite de sortire une batte de ton cul stp.
[	20-10-2019 18:22:48	] [KICK ACTION] Player: Tom Kan/ Albert Pilou has kicked: Aden Woodwork for: You have been kicked. Reason: meme pseudo sur steam et sur discord stp.
[	21-10-2019 15:38:50	] [KICK ACTION] Player: Tom Kan/ Albert Pilou has kicked: Farod Young for: You have been kicked. Reason: Présence ig.
[	21-10-2019 15:39:24	] [KICK ACTION] Player: Tom Kan/ Albert Pilou has kicked: lesly fabiella for: You have been kicked. Reason: Présence IG.
[	21-10-2019 15:39:54	] [KICK ACTION] Player: Tom Kan/ Albert Pilou has kicked: Adrian Affalterbach for: You have been kicked. Reason: Présence IG.
[	21-10-2019 15:40:31	] [KICK ACTION] Player: Tom Kan/ Albert Pilou has kicked: Steven Toussaint for: You have been kicked. Reason: Présence ig.
[	21-10-2019 15:41:50	] [KICK ACTION] Player: Tom Kan/ Albert Pilou has kicked: Mathieu Roussel for: You have been kicked. Reason: Présence IG ou Radio LSPD.
[	21-10-2019 20:35:41	] [KICK ACTION] Player: Riley Borton has kicked: Stephen Speirs for: You have been kicked. Reason: Présence IG obligatoire !.
[	21-10-2019 20:43:45	] [KICK ACTION] Player: ABDOUL has kicked: ブラクリング for: You have been kicked. Reason: nom prenom rp .
[	21-10-2019 20:45:16	] [KICK ACTION] Player: ABDOUL has kicked: Aden Brawn for: You have been kicked. Reason: présence in game obligatoire .
[	21-10-2019 20:48:54	] [KICK ACTION] Player: Riley Borton has kicked: Steven Toussaint for: You have been kicked. Reason: Présence IG obligatoire ! .
[	22-10-2019 23:29:12	] [KICK ACTION] Player: Julio Banks has kicked: Rollss for: You have been kicked. Reason: NOM RP Steam merci.
[	24-10-2019 16:36:32	] [KICK ACTION] Player: Riley Borton has kicked: Piro for: You have been kicked. Reason: Nom & Prénom RP .
[	24-10-2019 17:00:56	] [KICK ACTION] Player: Riley Borton has kicked: Mikael  Nahsho for: You have been kicked. Reason: Présence IG obligatoire !.
[	24-10-2019 21:57:24	] [KICK ACTION] Player: Riley Borton has kicked: Troll for: You have been kicked. Reason: Pas prenom rp .
[	24-10-2019 22:08:51	] [KICK ACTION] Player: Riley Borton has kicked: xX_Kevin_Rcl_62_PGM_Xx for: You have been kicked. Reason: Nom & Prenom rp stp ! .
[	25-10-2019 16:42:00	] [KICK ACTION] Player: Riley Borton has kicked: Pablo Stone for: You have been kicked. Reason: PRESENCE IG OBLIGATOIRE ! Besoin d'aide, Merci .
[	25-10-2019 16:44:16	] [KICK ACTION] Player: Riley Borton has kicked: Marco Toselli for: You have been kicked. Reason: Présence IG obligatoire ! .
[	25-10-2019 20:20:29	] [KICK ACTION] Player: Jason Wills has kicked: Nikolaï Wagner / DaWaxx for: You have been kicked. Reason: Tu peux pas jouer comme ça, c'est horrible .
[	03-11-2019 13:36:53	] [KICK ACTION] Player: Riley Borton has kicked: Pedro Da Firenze for: You have been kicked. Reason: Présence IG obligatoire ! .
[	06-11-2019 16:43:04	] [KICK ACTION] Player: Riley Borton has kicked: Joe Lopez for: You have been kicked. Reason: Présence IG obligatoire ! .
[	06-11-2019 16:43:50	] [KICK ACTION] Player: Riley Borton has kicked: Abdel Marrakchi for: You have been kicked. Reason: Présence IG obligatoire ! .
[	06-11-2019 17:00:35	] [KICK ACTION] Player: Riley Borton has kicked: Joe Lopez for: You have been kicked. Reason: Présence IG OBLIGATOIRE !!.
[	06-11-2019 17:19:28	] [KICK ACTION] Player: Riley Borton has kicked: Abdel Marrakchi for: You have been kicked. Reason: AFK COMICO.
[	06-11-2019 17:32:29	] [KICK ACTION] Player: Riley Borton has kicked: Calvin Anderson/Calvin Carter for: You have been kicked. Reason: Nom & Prénom Steam ! .
[	06-11-2019 17:46:40	] [KICK ACTION] Player: Riley Borton has kicked: Abou Bakr for: You have been kicked. Reason: Présence IG obligatoire ! .
[	09-11-2019 12:15:52	] [KICK ACTION] Player: Riley Borton has kicked: Joe Lopez for: You have been kicked. Reason: Présence IG obligatoire ! .
